[0m17:13:01.918639 [debug] [MainThread]: Sending event: {'category': 'dbt', 'action': 'invocation', 'label': 'start', 'context': [<snowplow_tracker.self_describing_json.SelfDescribingJson object at 0x000001678D8B82D0>, <snowplow_tracker.self_describing_json.SelfDescribingJson object at 0x000001678D85E710>, <snowplow_tracker.self_describing_json.SelfDescribingJson object at 0x000001678D85D710>]}


============================== 17:13:01.924653 | 9825d851-0267-474c-87fb-49e35cffe227 ==============================
[0m17:13:01.924653 [info ] [MainThread]: Running with dbt=1.9.3
[0m17:13:01.926692 [debug] [MainThread]: running dbt with arguments {'printer_width': '80', 'indirect_selection': 'eager', 'log_cache_events': 'False', 'write_json': 'True', 'partial_parse': 'True', 'cache_selected_only': 'False', 'profiles_dir': 'C:\\Users\\Prasad\\.dbt', 'fail_fast': 'False', 'version_check': 'True', 'log_path': 'logs', 'warn_error': 'None', 'debug': 'False', 'use_colors': 'True', 'use_experimental_parser': 'False', 'no_print': 'None', 'quiet': 'False', 'empty': 'None', 'log_format': 'default', 'static_parser': 'True', 'invocation_command': 'dbt init', 'introspect': 'True', 'target_path': 'None', 'warn_error_options': 'WarnErrorOptions(include=[], exclude=[])', 'send_anonymous_usage_stats': 'True'}
[0m17:13:01.948224 [warn ] [MainThread]: [ConfigFolderDirectory]: Unable to parse logging event dictionary. Failed to parse dir field: expected string or bytes-like object, got 'WindowsPath'.. Dictionary: {'dir': WindowsPath('C:/Users/Prasad/.dbt')}
[0m17:13:01.949231 [info ] [MainThread]: Creating dbt configuration folder at 
[0m17:13:37.134181 [debug] [MainThread]: Starter project path: C:\Users\Prasad\AppData\Local\Programs\Python\Python311\Lib\site-packages\dbt\include\starter_project
[0m17:13:37.153918 [info ] [MainThread]: 
Your new dbt project "custom_postgres" was created!

For more information on how to configure the profiles.yml file,
please consult the dbt documentation here:

  https://docs.getdbt.com/docs/configure-your-profile

One more thing:

Need help? Don't hesitate to reach out to us via GitHub issues or on Slack:

  https://community.getdbt.com/

Happy modeling!

[0m17:13:37.155915 [info ] [MainThread]: Setting up your profile.
[0m17:15:03.448157 [info ] [MainThread]: Profile custom_postgres written to C:\Users\Prasad\.dbt\profiles.yml using target's profile_template.yml and your supplied values. Run 'dbt debug' to validate the connection.
[0m17:15:03.450160 [debug] [MainThread]: Command `dbt init` succeeded at 17:15:03.450160 after 121.62 seconds
[0m17:15:03.450160 [debug] [MainThread]: Sending event: {'category': 'dbt', 'action': 'invocation', 'label': 'end', 'context': [<snowplow_tracker.self_describing_json.SelfDescribingJson object at 0x0000016786FC8510>, <snowplow_tracker.self_describing_json.SelfDescribingJson object at 0x00000167871A30D0>, <snowplow_tracker.self_describing_json.SelfDescribingJson object at 0x0000016787121D10>]}
[0m17:15:03.451665 [debug] [MainThread]: Flushing usage events
[0m17:15:04.412308 [debug] [MainThread]: An error was encountered while trying to flush usage events
